#
# There is insufficient memory for the Java Runtime Environment to continue.
# Native memory allocation (mmap) failed to map 132120576 bytes for G1 virtual space
# Possible reasons:
#   The system is out of physical RAM or swap space
#   The process is running with CompressedOops enabled, and the Java Heap may be blocking the growth of the native heap
# Possible solutions:
#   Reduce memory load on the system
#   Increase physical memory or swap space
#   Check if swap backing store is full
#   Decrease Java heap size (-Xmx/-Xms)
#   Decrease number of Java threads
#   Decrease Java thread stack sizes (-Xss)
#   Set larger code cache with -XX:ReservedCodeCacheSize=
#   JVM is running with Unscaled Compressed Oops mode in which the Java heap is
#     placed in the first 4GB address space. The Java Heap base address is the
#     maximum limit for the native heap growth. Please use -XX:HeapBaseMinAddress
#     to set the Java Heap base and to place the Java Heap above 4GB virtual address.
# This output file may be truncated or incomplete.
#
#  Out of Memory Error (os_windows.cpp:3528), pid=11384, tid=6860
#
# JRE version:  (20.0.1+9) (build )
# Java VM: Java HotSpot(TM) 64-Bit Server VM (20.0.1+9-29, mixed mode, sharing, tiered, compressed oops, compressed class ptrs, g1 gc, windows-amd64)
# No core dump will be written. Minidumps are not enabled by default on client versions of Windows
#

---------------  S U M M A R Y ------------

Command Line: com.mycompany.universityproject.UniversityProject

Host: 11th Gen Intel(R) Core(TM) i7-1165G7 @ 2.80GHz, 8 cores, 7G,  Windows 11 , 64 bit Build 22621 (10.0.22621.1485)
Time: Sat May  6 10:22:24 2023 Egypt Daylight Time elapsed time: 0.025083 seconds (0d 0h 0m 0s)

---------------  T H R E A D  ---------------

Current thread (0x0000025a5cd10b00):  JavaThread "Unknown thread" [_thread_in_vm, id=6860, stack(0x0000008826c00000,0x0000008826d00000)]

Stack: [0x0000008826c00000,0x0000008826d00000]
Native frames: (J=compiled Java code, j=interpreted, Vv=VM code, C=native code)
V  [jvm.dll+0x6bb95a]
V  [jvm.dll+0x8485fa]
V  [jvm.dll+0x84a1f5]
V  [jvm.dll+0x84a8f3]
V  [jvm.dll+0x280b0f]
V  [jvm.dll+0x6b86e9]
V  [jvm.dll+0x6ad2da]
V  [jvm.dll+0x35adf5]
V  [jvm.dll+0x363016]
V  [jvm.dll+0x3b3b3e]
V  [jvm.dll+0x3b3dc5]
V  [jvm.dll+0x32b50a]
V  [jvm.dll+0x32c32b]
V  [jvm.dll+0x8112bf]
V  [jvm.dll+0x3c0d91]
V  [jvm.dll+0x7fcfe3]
V  [jvm.dll+0x44c76f]
V  [jvm.dll+0x44e0e1]
C  [jli.dll+0x5287]
C  [ucrtbase.dll+0x29363]
C  [KERNEL32.DLL+0x1269d]
C  [ntdll.dll+0x5a9f8]


---------------  P R O C E S S  ---------------

Threads class SMR info:
_java_thread_list=0x00007ffea0faa098, length=0, elements={
}

Java Threads: ( => current thread )

Other Threads:
  0x0000025a5cd70960 WorkerThread "GC Thread#0" [stack: 0x0000008826d00000,0x0000008826e00000] [id=12160]
  0x0000025a5cd81610 ConcurrentGCThread "G1 Main Marker" [stack: 0x0000008826e00000,0x0000008826f00000] [id=19940]
  0x0000025a5cd82490 WorkerThread "G1 Conc#0" [stack: 0x0000008826f00000,0x0000008827000000] [id=1124]

[error occurred during error reporting (printing all threads), id 0xc0000005, EXCEPTION_ACCESS_VIOLATION (0xc0000005) at pc=0x00007ffea078eb47]
VM state: not at safepoint (not fully initialized)

VM Mutex/Monitor currently owned by a thread:  ([mutex/lock_event])
[0x0000025a5cd0bde0] Heap_lock - owner thread: 0x0000025a5cd10b00

Heap address: 0x0000000083600000, size: 1994 MB, Compressed Oops mode: 32-bit

CDS archive(s) mapped at: [0x0000000000000000-0x0000000000000000-0x0000000000000000), size 0, SharedBaseAddress: 0x0000000800000000, ArchiveRelocationMode: 0.
Narrow klass base: 0x0000000000000000, Narrow klass shift: 0, Narrow klass range: 0x0

GC Precious Log:
 CardTable entry size: 512
 Card Set container configuration: InlinePtr #cards 5 size 8 Array Of Cards #cards 12 size 40 Howl #buckets 4 coarsen threshold 1843 Howl Bitmap #cards 512 size 80 coarsen threshold 460 Card regions per heap region 1 cards per card region 2048

Heap:
 garbage-first heap   total 0K, used 0K [0x0000000083600000, 0x0000000100000000)
  region size 1024K, 0 young (0K), 0 survivors (0K)

[error occurred during error reporting (printing heap information), id 0xc0000005, EXCEPTION_ACCESS_VIOLATION (0xc0000005) at pc=0x00007ffea0b63c59]
GC Heap History (0 events):
No events

Dll operation events (1 events):
Event: 0.008 Loaded shared library C:\Program Files\Java\jdk-20\bin\java.dll

Deoptimization events (0 events):
No events

Classes loaded (0 events):
No events

Classes unloaded (0 events):
No events

Classes redefined (0 events):
No events

Internal exceptions (0 events):
No events

VM Operations (0 events):
No events

Events (0 events):
No events


Dynamic libraries:
0x00007ff7ec7c0000 - 0x00007ff7ec7d0000 	C:\Program Files\Java\jdk-20\bin\java.exe
0x00007fff32470000 - 0x00007fff32684000 	C:\WINDOWS\SYSTEM32\ntdll.dll
0x00007fff30ec0000 - 0x00007fff30f82000 	C:\WINDOWS\System32\KERNEL32.DLL
0x00007fff2fd00000 - 0x00007fff3009c000 	C:\WINDOWS\System32\KERNELBASE.dll
0x00007fff300a0000 - 0x00007fff301b1000 	C:\WINDOWS\System32\ucrtbase.dll
0x00007fff1f430000 - 0x00007fff1f44b000 	C:\Program Files\Java\jdk-20\bin\VCRUNTIME140.dll
0x00007fff1ca30000 - 0x00007fff1ca49000 	C:\Program Files\Java\jdk-20\bin\jli.dll
0x00007fff31050000 - 0x00007fff310fe000 	C:\WINDOWS\System32\ADVAPI32.dll
0x00007fff302b0000 - 0x00007fff30357000 	C:\WINDOWS\System32\msvcrt.dll
0x00007fff306d0000 - 0x00007fff30774000 	C:\WINDOWS\System32\sechost.dll
0x00007fff31210000 - 0x00007fff31327000 	C:\WINDOWS\System32\RPCRT4.dll
0x00007fff32200000 - 0x00007fff323ab000 	C:\WINDOWS\System32\USER32.dll
0x00007fff2fa50000 - 0x00007fff2fa76000 	C:\WINDOWS\System32\win32u.dll
0x00007fff1b510000 - 0x00007fff1b79e000 	C:\WINDOWS\WinSxS\amd64_microsoft.windows.common-controls_6595b64144ccf1df_6.0.22621.608_none_a9444ca7c10bb01d\COMCTL32.dll
0x00007fff30280000 - 0x00007fff302a9000 	C:\WINDOWS\System32\GDI32.dll
0x00007fff2f930000 - 0x00007fff2fa43000 	C:\WINDOWS\System32\gdi32full.dll
0x00007fff2fc60000 - 0x00007fff2fcfa000 	C:\WINDOWS\System32\msvcp_win.dll
0x00007fff262f0000 - 0x00007fff262fa000 	C:\WINDOWS\SYSTEM32\VERSION.dll
0x00007fff30780000 - 0x00007fff307b1000 	C:\WINDOWS\System32\IMM32.DLL
0x00007fff26300000 - 0x00007fff2630c000 	C:\Program Files\Java\jdk-20\bin\vcruntime140_1.dll
0x00007fff07780000 - 0x00007fff0780e000 	C:\Program Files\Java\jdk-20\bin\msvcp140.dll
0x00007ffea0450000 - 0x00007ffea10e7000 	C:\Program Files\Java\jdk-20\bin\server\jvm.dll
0x00007fff2a730000 - 0x00007fff2a739000 	C:\WINDOWS\SYSTEM32\WSOCK32.dll
0x00007fff2d120000 - 0x00007fff2d154000 	C:\WINDOWS\SYSTEM32\WINMM.dll
0x00007fff323b0000 - 0x00007fff32421000 	C:\WINDOWS\System32\WS2_32.dll
0x00007fff2e9f0000 - 0x00007fff2ea08000 	C:\WINDOWS\SYSTEM32\kernel.appcore.dll
0x00007fff25f20000 - 0x00007fff25f2a000 	C:\Program Files\Java\jdk-20\bin\jimage.dll
0x00007fff2d510000 - 0x00007fff2d73e000 	C:\WINDOWS\SYSTEM32\DBGHELP.DLL
0x00007fff31ca0000 - 0x00007fff32029000 	C:\WINDOWS\System32\combase.dll
0x00007fff308f0000 - 0x00007fff309c7000 	C:\WINDOWS\System32\OLEAUT32.dll
0x00007fff2d0c0000 - 0x00007fff2d0f2000 	C:\WINDOWS\SYSTEM32\dbgcore.DLL
0x00007fff2f8b0000 - 0x00007fff2f92b000 	C:\WINDOWS\System32\bcryptPrimitives.dll
0x00007fff1f3f0000 - 0x00007fff1f416000 	C:\Program Files\Java\jdk-20\bin\java.dll

dbghelp: loaded successfully - version: 4.0.5 - missing functions: none
symbol engine: initialized successfully - sym options: 0x614 - pdb path: .;C:\Program Files\Java\jdk-20\bin;C:\WINDOWS\SYSTEM32;C:\WINDOWS\WinSxS\amd64_microsoft.windows.common-controls_6595b64144ccf1df_6.0.22621.608_none_a9444ca7c10bb01d;C:\Program Files\Java\jdk-20\bin\server

VM Arguments:
java_command: com.mycompany.universityproject.UniversityProject
java_class_path (initial): C:\Users\ahmed\Documents\NetBeansProjects\UniversityProject\target\classes;C:\Users\ahmed\.m2\repository\org\netbeans\external\AbsoluteLayout\RELEASE160\AbsoluteLayout-RELEASE160.jar
Launcher Type: SUN_STANDARD

[Global flags]
     intx CICompilerCount                          = 4                                         {product} {ergonomic}
     uint ConcGCThreads                            = 2                                         {product} {ergonomic}
     uint G1ConcRefinementThreads                  = 8                                         {product} {ergonomic}
   size_t G1HeapRegionSize                         = 1048576                                   {product} {ergonomic}
    uintx GCDrainStackTargetSize                   = 64                                        {product} {ergonomic}
   size_t InitialHeapSize                          = 132120576                                 {product} {ergonomic}
   size_t MarkStackSize                            = 4194304                                   {product} {ergonomic}
   size_t MaxHeapSize                              = 2090860544                                {product} {ergonomic}
   size_t MinHeapDeltaBytes                        = 1048576                                   {product} {ergonomic}
   size_t MinHeapSize                              = 8388608                                   {product} {ergonomic}
    uintx NonNMethodCodeHeapSize                   = 5839372                                {pd product} {ergonomic}
    uintx NonProfiledCodeHeapSize                  = 122909434                              {pd product} {ergonomic}
    uintx ProfiledCodeHeapSize                     = 122909434                              {pd product} {ergonomic}
    uintx ReservedCodeCacheSize                    = 251658240                              {pd product} {ergonomic}
     bool SegmentedCodeCache                       = true                                      {product} {ergonomic}
   size_t SoftMaxHeapSize                          = 2090860544                             {manageable} {ergonomic}
     bool UseCompressedClassPointers               = true                           {product lp64_product} {ergonomic}
     bool UseCompressedOops                        = true                           {product lp64_product} {ergonomic}
     bool UseG1GC                                  = true                                      {product} {ergonomic}
     bool UseLargePagesIndividualAllocation        = false                                  {pd product} {ergonomic}

Logging:
Log output configuration:
 #0: stdout all=warning uptime,level,tags foldmultilines=false
 #1: stderr all=off uptime,level,tags foldmultilines=false

Environment Variables:
JAVA_HOME=C:\Program Files\Java\jdk-20
PATH=C:\Program Files\Common Files\Oracle\Java\javapath;C:\ProgramData\Oracle\Java\javapath;C:\Program Files (x86)\Common Files\Oracle\Java\javapath;C:\WINDOWS\system32;C:\WINDOWS;C:\WINDOWS\System32\Wbem;C:\WINDOWS\System32\WindowsPowerShell\v1.0\;C:\WINDOWS\System32\OpenSSH\;C:\Program Files\NVIDIA Corporation\NVIDIA NvDLISR;C:\Program Files (x86)\dotnet-core-uninstall\;C:\Users\ahmed\AppData\Local\Microsoft\WindowsApps;;C:\Program Files\JetBrains\IntelliJ IDEA Community Edition 2022.2.3\bin;
USERNAME=ahmed
OS=Windows_NT
PROCESSOR_IDENTIFIER=Intel64 Family 6 Model 140 Stepping 1, GenuineIntel
TMP=C:\Users\ahmed\AppData\Local\Temp
TEMP=C:\Users\ahmed\AppData\Local\Temp




---------------  S Y S T E M  ---------------

OS:
 Windows 11 , 64 bit Build 22621 (10.0.22621.1485)
OS uptime: 8 days 23:37 hours

CPU: total 8 (initial active 8) (4 cores per cpu, 2 threads per core) family 6 model 140 stepping 1 microcode 0x8a, cx8, cmov, fxsr, ht, mmx, 3dnowpref, sse, sse2, sse3, ssse3, sse4.1, sse4.2, popcnt, lzcnt, tsc, tscinvbit, avx, avx2, aes, erms, clmul, bmi1, bmi2, adx, avx512f, avx512dq, avx512cd, avx512bw, avx512vl, sha, fma, vzeroupper, avx512_vpopcntdq, avx512_vpclmulqdq, avx512_vaes, avx512_vnni, clflush, clflushopt, clwb, avx512_vbmi2, avx512_vbmi, rdtscp, rdpid, fsrm, gfni, avx512_bitalg, f16c, pku, cet_ibt, cet_ss, avx512_ifma

Memory: 4k page, system-wide physical 7975M (373M free)
TotalPageFile size 32551M (AvailPageFile size 47M)
current process WorkingSet (physical memory assigned to process): 11M, peak: 11M
current process commit charge ("private bytes"): 60M, peak: 186M

vm_info: Java HotSpot(TM) 64-Bit Server VM (20.0.1+9-29) for windows-amd64 JRE (20.0.1+9-29), built on 2023-03-07T13:56:11Z by "mach5one" with MS VC++ 17.1 (VS2022)

END.
